<?xml version='1.0' encoding='UTF-8'?>
<testsuite hostname="WINDOWS-S9G4P1I" name="Tests" tests="4" errors="0" failures="0" skipped="0" time="-0.004" timestamp="2019-12-10T21:46:14">
                     <properties>
[...]
</properties>
                     <testcase classname="Tests" name="testAssignment" time="-0.001">
                                                 
                                               </testcase><testcase classname="Tests" name="instrumentationTestClassInitializer" time="-0.001">
                                                 
                                               </testcase><testcase classname="Tests" name="instrumentationTestVariableDeclaration" time="-0.001">
                                                 
                                               </testcase><testcase classname="Tests" name="testBlockInstrumentation" time="-0.001">
                                                 
                                               </testcase>
                     <system-out><![CDATA[]]></system-out>
                     <system-err><![CDATA[]]></system-err>
                   </testsuite>